v2.0b3 by Junior_Djjr - MixMods.com.br
will fix vehicle 
-- START fix for vehicle id 414 type 0
50 for vehicle, class 4
-- FINAL 50
will fix vehicle 
-- START fix for vehicle id 499 type 0
50 for vehicle, class 4
-- FINAL 50
will fix vehicle 
-- START fix for vehicle id 499 type 0
50 for vehicle, class 4
-- FINAL 50
will fix vehicle 
-- START fix for vehicle id 499 type 0
50 for vehicle, class 4
-- FINAL 50
will fix vehicle 
-- START fix for vehicle id 414 type 0
50 for vehicle, class 4
-- FINAL 50
will fix vehicle 
-- START fix for vehicle id 509 type 0
7 for vehicle, class 11
-- NO FIX 7
will fix vehicle 
-- START fix for vehicle id 414 type 0
50 for vehicle, class 4
-- FINAL 50
will fix vehicle 
-- START fix for vehicle id 499 type 0
50 for vehicle, class 4
-- FINAL 50
will fix vehicle 
-- START fix for vehicle id 499 type 0
50 for vehicle, class 4
-- FINAL 50
will fix vehicle 
-- START fix for vehicle id 414 type 0
50 for vehicle, class 4
-- FINAL 50
will fix vehicle 
-- START fix for vehicle id 414 type 0
50 for vehicle, class 4
-- FINAL 50
will fix vehicle 
-- START fix for vehicle id 538 type -1
253 for vehicle, class 255
-- FINAL 253
will fix vehicle 
-- START fix for vehicle id 499 type 0
50 for vehicle, class 4
-- FINAL 50
will fix vehicle 
-- START fix for vehicle id 499 type 0
50 for vehicle, class 4
-- FINAL 50
will fix vehicle 
-- START fix for vehicle id 414 type 0
50 for vehicle, class 4
-- FINAL 50
will fix vehicle 
-- START fix for vehicle id 414 type 0
50 for vehicle, class 4
-- FINAL 50
will fix vehicle 
-- START fix for vehicle id 499 type 0
50 for vehicle, class 4
-- FINAL 50
will fix vehicle 
-- START fix for vehicle id 414 type 0
50 for vehicle, class 4
-- FINAL 50
will fix vehicle 
-- START fix for vehicle id 414 type 0
50 for vehicle, class 4
-- FINAL 50
will fix vehicle 
-- START fix for vehicle id 499 type 0
50 for vehicle, class 4
-- FINAL 50
will fix vehicle 
-- START fix for vehicle id 499 type 0
50 for vehicle, class 4
-- FINAL 50
will fix vehicle 
-- START fix for vehicle id 499 type 0
50 for vehicle, class 4
-- FINAL 50
will fix vehicle 
-- START fix for vehicle id 552 type 0
50 for vehicle, class 4
-- FINAL 50
will fix vehicle 
-- START fix for vehicle id 414 type 0
50 for vehicle, class 4
-- FINAL 50
will fix vehicle 
-- START fix for vehicle id 552 type 0
50 for vehicle, class 4
-- FINAL 50
will fix vehicle 
-- START fix for vehicle id 538 type -1
253 for vehicle, class 255
-- FINAL 253
will fix vehicle 
-- START fix for vehicle id 552 type 0
50 for vehicle, class 4
-- FINAL 50
will fix vehicle 
-- START fix for vehicle id 552 type 0
50 for vehicle, class 4
-- FINAL 50
will fix vehicle 
-- START fix for vehicle id 552 type 0
50 for vehicle, class 4
-- FINAL 50
will fix vehicle 
-- START fix for vehicle id 414 type 0
50 for vehicle, class 4
-- FINAL 50
will fix vehicle 
-- START fix for vehicle id 414 type 0
50 for vehicle, class 4
-- FINAL 50
will fix vehicle 
-- START fix for vehicle id 414 type 0
50 for vehicle, class 4
-- FINAL 50
will fix vehicle 
-- START fix for vehicle id 537 type -1
253 for vehicle, class 255
-- FINAL 253
will fix vehicle 
-- START fix for vehicle id 552 type 0
50 for vehicle, class 4
-- FINAL 50
will fix vehicle 
-- START fix for vehicle id 414 type 0
50 for vehicle, class 4
-- FINAL 50
will fix vehicle 
-- START fix for vehicle id 552 type 0
50 for vehicle, class 4
-- FINAL 50
will fix vehicle 
-- START fix for vehicle id 552 type 0
50 for vehicle, class 4
-- FINAL 50
will fix vehicle 
-- START fix for vehicle id 478 type 0
138 for vehicle, class 4
-- FINAL 138
will fix vehicle 
-- START fix for vehicle id 456 type 0
50 for vehicle, class 4
-- FINAL 50
will fix vehicle 
-- START fix for vehicle id 414 type 0
50 for vehicle, class 4
-- FINAL 50
will fix vehicle 
-- START fix for vehicle id 499 type 0
50 for vehicle, class 4
-- FINAL 50
will fix vehicle 
-- START fix for vehicle id 428 type 0
7 for vehicle, class 5
-- NO FIX 7
will fix vehicle 
-- START fix for vehicle id 562 type 0
7 for vehicle, class 2
-- NO FIX 7
will fix vehicle 
-- START fix for vehicle id 537 type -1
253 for vehicle, class 255
-- FINAL 253
will fix vehicle 
-- START fix for vehicle id 537 type -1
253 for vehicle, class 255
-- FINAL 253
will fix vehicle 
-- START fix for vehicle id 499 type 0
50 for vehicle, class 4
-- FINAL 50
will fix vehicle 
-- START fix for vehicle id 499 type 0
50 for vehicle, class 4
-- FINAL 50
will fix vehicle 
-- START fix for vehicle id 456 type 0
50 for vehicle, class 4
-- FINAL 50
will fix vehicle 
-- START fix for vehicle id 562 type 0
7 for vehicle, class 2
-- NO FIX 7
will fix vehicle 
-- START fix for vehicle id 414 type 0
50 for vehicle, class 4
-- FINAL 50
will fix vehicle 
-- START fix for vehicle id 456 type 0
50 for vehicle, class 4
-- FINAL 50
will fix vehicle 
-- START fix for vehicle id 414 type 0
50 for vehicle, class 4
-- FINAL 50
will fix vehicle 
-- START fix for vehicle id 414 type 0
50 for vehicle, class 4
-- FINAL 50
will fix vehicle 
-- START fix for vehicle id 456 type 0
50 for vehicle, class 4
-- FINAL 50
will fix vehicle 
-- START fix for vehicle id 456 type 0
50 for vehicle, class 4
-- FINAL 50
will fix vehicle 
-- START fix for vehicle id 499 type 0
50 for vehicle, class 4
-- FINAL 50
will fix vehicle 
-- START fix for vehicle id 514 type 0
50 for vehicle, class 4
-- FINAL 50
will fix vehicle 
-- START fix for vehicle id 537 type -1
253 for vehicle, class 255
-- FINAL 253
will fix vehicle 
-- START fix for vehicle id 414 type 0
50 for vehicle, class 4
-- FINAL 50
will fix vehicle 
-- START fix for vehicle id 478 type 0
59 for vehicle, class 4
-- FINAL 59
will fix vehicle 
-- START fix for vehicle id 456 type 0
50 for vehicle, class 4
-- FINAL 50
will fix vehicle 
-- START fix for vehicle id 552 type 0
50 for vehicle, class 4
-- FINAL 50
will fix vehicle 
-- START fix for vehicle id 414 type 0
50 for vehicle, class 4
-- FINAL 50
will fix vehicle 
-- START fix for vehicle id 499 type 0
50 for vehicle, class 4
-- FINAL 50
will fix vehicle 
-- START fix for vehicle id 499 type 0
50 for vehicle, class 4
-- FINAL 50
will fix vehicle 
-- START fix for vehicle id 414 type 0
50 for vehicle, class 4
-- FINAL 50
will fix vehicle 
-- START fix for vehicle id 499 type 0
50 for vehicle, class 4
-- FINAL 50
will fix vehicle 
-- START fix for vehicle id 538 type -1
253 for vehicle, class 255
-- FINAL 253
will fix vehicle 
-- START fix for vehicle id 514 type 0
50 for vehicle, class 4
-- FINAL 50
will fix vehicle 
-- START fix for vehicle id 478 type 0
20 for vehicle, class 4
-- FINAL 20
will fix vehicle 
-- START fix for vehicle id 552 type 0
50 for vehicle, class 4
-- FINAL 50
will fix vehicle 
-- START fix for vehicle id 478 type 0
38 for vehicle, class 4
-- FINAL 38
will fix vehicle 
-- START fix for vehicle id 414 type 0
50 for vehicle, class 4
-- FINAL 50
will fix vehicle 
-- START fix for vehicle id 537 type -1
253 for vehicle, class 255
-- FINAL 253
will fix vehicle 
-- START fix for vehicle id 414 type 0
50 for vehicle, class 4
-- FINAL 50
will fix vehicle 
-- START fix for vehicle id 499 type 0
50 for vehicle, class 4
-- FINAL 50
will fix vehicle 
-- START fix for vehicle id 499 type 0
50 for vehicle, class 4
-- FINAL 50
will fix vehicle 
-- START fix for vehicle id 514 type 0
50 for vehicle, class 4
-- FINAL 50
