GTA SA 1.0.0.0 US
Unhandled exception at 0x006E3D17 in gta_sa.exe (+0x2e3d17): 0xC0000005: Access violation reading location 0xA343A308.
    Register dump:
        EAX: 0x28A07540  EBX: 0x44299288  ECX: 0x00C1CDC0  EDX: 0x0D8AD1C0  
        EDI: 0x00B20E94  ESI: 0x0D8AD1C0  EBP: 0x3030B090  EIP: 0x006E3D17  
        ESP: 0x0028F3B8  EFL: 0x00010206  CS: 0x00000023   SS: 0x0000002B   
        GS: 0x0000002B   FS: 0x00000053   ES: 0x0000002B   DS: 0x0000002B   
        
    Stack dump:
        0x0028F3B8:  0064FE59 0028F404 0D8AD1C0 3030B090 0D8AD1C0 44299288
        0x0028F3D0:  3030B090 0028F4B4 00000001 00000001 00000000 00000000
        0x0028F3E8:  00000001 00000000 00000000 0D965DA8 0028F504 44299438
        0x0028F400:  3030B040 4512DD1F C4BEA658 C2984891 00650AD8 0028F438
        0x0028F418:  0D8AD1C0 00000000 44299288 00000002 0D8AD1C0 4512DB85
        0x0028F430:  006169F1 0000006A C2984891 0028F484 0028F4B4 00000001
        0x0028F448:  00000001 00000000 3CD61CB8 3F7FE99C 382D6578 00000000
        0x0028F460:  BF7FE922 3CD61BFD 3B79AE0B 00000000 3B798615 B913BF3F
        0x0028F478:  3F7FFF86 00000000 4516DF3F C4B9D640 41C3449C 00000000
        0x0028F490:  00000000 00000000 0028F754 00843268 00000000 006518BC
        base: 0x00090000   top: 0x0028F3B8   bottom: 0x00290000
        
    Backtrace (may be wrong):
        =>0x006E3D17 in gta_sa.exe (+0x2e3d17) (0x0028F3B4) 
          0x0064FE59 in gta_sa.exe (+0x24fe59) (0x0028F40C) 
          0x00650AD8 in gta_sa.exe (+0x250ad8) (0x0028F42C) 
          0x006169F1 in gta_sa.exe (+0x2169f1) (0x0028F4A0) 
          0x006518BC in gta_sa.exe (+0x2518bc) 
        
    
