GTA SA 1.0.0.0 US
Unhandled exception at 0x007F18CF in gta_sa.exe (+0x3f18cf): 0xC0000005: Access violation reading location 0x0000005C.
    Register dump:
        EAX: 0x00020000  EBX: 0x00000000  ECX: 0x00000178  EDX: 0x41151870  
        EDI: 0x0000000F  ESI: 0x00000050  EBP: 0x03CB4BE0  EIP: 0x007F18CF  
        ESP: 0x0028F000  EFL: 0x00210206  CS: 0x00000023   SS: 0x0000002B   
        GS: 0x0000002B   FS: 0x00000053   ES: 0x0000002B   DS: 0x0000002B   
        
    Stack dump:
        0x0028F000:  0000000F 41151860 316B5168 0000000F 0080987F 411518B0
        0x0028F018:  41151870 00000050 0000000F 0000000F 2811FAD0 00809897
        0x0028F030:  41151860 0000000F 0000000F 0000000F 2811F9D8 00809897
        0x0028F048:  41151B48 0000000F 4183AC68 0000000F 316B4A00 00809835
        0x0028F060:  411524F8 0000000F 5F170738 316B5168 5F170740 007F09A7
        0x0028F078:  0000000F 4183ACA8 055B4DE4 316B5168 1051A960 1051A960
        0x0028F090:  0028F0AC 016FC0A0 005343A1 5F170738 016FC0A0 00000000
        0x0028F0A8:  0341EF42 0028F108 034190B9 0028F0F8 5400FDC4 0028F110
        0x0028F0C0:  0028F178 016FC1F0 0028F0D4 03459B08 0028F0EC 0028F104
        0x0028F0D8:  70C0B837 0C850040 0028F0EC 0848F4A0 08491FDC 00000004
        base: 0x00090000   top: 0x0028F000   bottom: 0x00290000
        
    Backtrace (may be wrong):
        =>0x007F18CF in gta_sa.exe (+0x3f18cf) (0x0028F00C) 
          0x0080987F in gta_sa.exe (+0x40987f) (0x0028F028) 
          0x00809897 in gta_sa.exe (+0x409897) (0x0028F040) 
          0x00809897 in gta_sa.exe (+0x409897) (0x0028F058) 
          0x00809835 in gta_sa.exe (+0x409835) (0x0028F070) 
          0x007F09A7 in gta_sa.exe (+0x3f09a7) (0x0028F07C) 
          0x055B4DE4 ignoreB+0x3244 in vehfuncs.asi (+0x14de4) (0x0028F094) 
          0x005343A1 in gta_sa.exe (+0x1343a1) (0x0028F0A4) 
          0x0341EF42 in fxsfuncs.asi (+0x1ef42) 
        
    
