GTA SA 1.0.0.0 US
Unhandled exception at 0x015632B0 in gta_sa.exe (+0x11632b0): 0xC0000005: Access violation writing location 0x00000028.
    Register dump:
        EAX: 0x00000000  EBX: 0x603AB110  ECX: 0xC9742400  EDX: 0x000000FF  
        EDI: 0x0028F2B8  ESI: 0x00000000  EBP: 0x0028F0CC  EIP: 0x015632B0  
        ESP: 0x0028F0B4  EFL: 0x00210246  CS: 0x00000023   SS: 0x0000002B   
        GS: 0x0000002B   FS: 0x00000053   ES: 0x0000002B   DS: 0x0000002B   
        
    Stack dump:
        0x0028F0B4:  0028F2B8 00858BDC 0028F0F3 FFFFFFFF 60357250 0028F2B8
        0x0028F0CC:  0028F130 6036C011 0028F13C 0028F280 0028F144 01A54054
        0x0028F0E4:  706F7270 69667265 2E736578 006C6F63 04681C78 0028F128
        0x0028F0FC:  6035D875 0000325C 00000800 0028F2B8 044A0D2F 00000017
        0x0028F114:  0028F150 0028F128 6037186D 00000000 0028F16C 6038B288
        0x0028F12C:  00000000 0028F178 6036F3AF 0028F2B8 0028F2B8 000061A8
        0x0028F144:  6038F144 01A53FE0 0028F180 0028F174 0028F144 00000000
        0x0028F15C:  0028F280 01A53FE0 01A54050 FFFFFFFF 0028F1B8 6038B970
        0x0028F174:  00000000 0028F1A0 60371AFE 6038F144 01A53FE0 0028F23C
        0x0028F18C:  0028F19C 0028F180 00000000 0028F144 01A54040 0028F1C4
        base: 0x00090000   top: 0x0028F0B4   bottom: 0x00290000
        
    Backtrace (may be wrong):
        =>0x015632B0 in gta_sa.exe (+0x11632b0) (0x0028F0CC) 
          0x6036C011 StreamRefresherCreate+0x4191 in std.stream.dll (+0x1c011) (0x0028F130) 
          0x6036F3AF StreamRefresherCreate+0x752f in std.stream.dll (+0x1f3af) (0x0028F178) 
          0x60371AFE StreamRefresherCreate+0x9c7e in std.stream.dll (+0x21afe) (0x0028F1A0) 
          0x603555F9 in std.stream.dll (+0x55f9) (0x0028F1C4) 
          0x60372D57 StreamRefresherCreate+0xaed7 in std.stream.dll (+0x22d57) (0x0028F26C) 
          0x6037223C StreamRefresherCreate+0xa3bc in std.stream.dll (+0x2223c) (0x0028F278) 
          0x005B6310 in gta_sa.exe (+0x1b6310) (0x0028F2CC) 
          0x6035F0BB in std.stream.dll (+0xf0bb) 
        
    
