GTA SA 1.0.0.0 US
Unhandled exception at 0x00405CBC in gta_sa.exe (+0x5cbc): 0xC0000005: Access violation writing location 0xF4000036.
    Register dump:
        EAX: 0xF4000002  EBX: 0x101FDB68  ECX: 0x1587E320  EDX: 0x144D0B04  
        EDI: 0x14EE7004  ESI: 0x127C5618  EBP: 0x00000230  EIP: 0x00405CBC  
        ESP: 0x0028F5A0  EFL: 0x00010213  CS: 0x00000023   SS: 0x0000002B   
        GS: 0x0000002B   FS: 0x00000053   ES: 0x0000002B   DS: 0x0000002B   
        
    Stack dump:
        0x0028F5A0:  101FDB68 008E48AC 00006337 00000090 1587E320 0000000E
        0x0028F5B8:  44D6A6D4 C48F4E31 44D793DB C4903D46 004060DF 00000090
        0x0028F5D0:  14EE7000 00002800 008E48AC 00006337 00002800 0007C04C
        0x0028F5E8:  101FDB68 008E48AC 0040C9DF 00000090 14EE7000 00002800
        0x0028F600:  0007C04C 00006337 00000098 008E4AF8 B9A73A79 14EE7000
        0x0028F618:  00002800 76CE1194 00000198 FFFFFFFF 00000000 045A1F50
        0x0028F630:  0040E2CA 14EE7000 00006337 00000001 00000009 00000098
        0x0028F648:  00003400 00000001 00000000 00000005 0040EAC8 00000001
        0x0028F660:  00000100 00000001 101FE4C0 004050E2 00000000 00000000
        0x0028F678:  127C5500 00000001 008E2C90 00824219 037D0000 326E616C
        base: 0x00090000   top: 0x0028F5A0   bottom: 0x00290000
        
    Backtrace (may be wrong):
        =>0x00405CBC in gta_sa.exe (+0x5cbc) (0x0028F5C4) 
          0x004060DF in gta_sa.exe (+0x60df) (0x0028F5EC) 
          0x0040C9DF in gta_sa.exe (+0xc9df) (0x0028F618) 
          0x76CE1194 WaitForSingleObjectEx+0x43 in kernel32.dll (+0x11194) (0x0028F62C) 
          0x0040E2CA in gta_sa.exe (+0xe2ca) (0x0028F654) 
          0x0040EAC8 in gta_sa.exe (+0xeac8) (0x0028F668) 
          0x004050E2 in gta_sa.exe (+0x50e2) (0x0028F680) 
          0x00824219 in gta_sa.exe (+0x424219) (0x0028F6A4) 
          0x00824016 in gta_sa.exe (+0x424016) (0x0028F6B8) 
          0x0082421E in gta_sa.exe (+0x42421e) (0x0028F6BC) 
          0x0082423B in gta_sa.exe (+0x42423b) (0x0028F6C4) 
          0x00824266 in gta_sa.exe (+0x424266) (0x0028F6D0) 
          0x008211B7 in gta_sa.exe (+0x4211b7) 
        
    
