GTA SA 1.0.0.0 US
Unhandled exception at 0x005D95CE in gta_sa.exe (+0x1d95ce): 0xC0000005: Access violation reading location 0x00000000.
    Register dump:
        EAX: 0x05A40014  EBX: 0x008D62A4  ECX: 0x00000000  EDX: 0x015D0000  
        EDI: 0x00000048  ESI: 0x05A886D0  EBP: 0x2502C9B0  EIP: 0x005D95CE  
        ESP: 0x0028F9A4  EFL: 0x00210206  CS: 0x00000023   SS: 0x0000002B   
        GS: 0x0000002B   FS: 0x00000053   ES: 0x0000002B   DS: 0x0000002B   
        
    Stack dump:
        0x0028F9A4:  05A886D0 015D3D94 0080875D 05A886D0 00000048 00000004
        0x0028F9BC:  059F7E08 05A886D0 00000001 0074DA3A 008D62A4 05A886D0
        0x0028F9D4:  00000000 0074E171 05A886D0 2502C990 00000010 13097C90
        0x0028F9EC:  00000000 0074CD3E 2502C9B0 059E96D0 00749576 2502C990
        0x0028FA04:  00000000 00000006 00C924B4 00000010 00801F41 13097C88
        0x0028FA1C:  00000000 015D10F0 015D3380 769B7D59 008E2298 00000002
        0x0028FA34:  015DEC40 00C924C4 0074949C 13097AF0 00749520 00000000
        0x0028FA4C:  0080875D 015D10F0 0000058C 00000008 00000016 015D1100
        0x0028FA64:  00000000 007F2E48 008E2298 015D10F0 015D1100 00000012
        0x0028FA7C:  00000000 00000000 00000000 00000000 006195E5 0053EC8D
        base: 0x00090000   top: 0x0028F9A4   bottom: 0x00290000
        
    Backtrace (may be wrong):
        =>0x005D95CE in gta_sa.exe (+0x1d95ce) (0x0028F9A8) 
          0x0080875D in gta_sa.exe (+0x40875d) (0x0028F9C4) 
          0x0074DA3A in gta_sa.exe (+0x34da3a) (0x0028F9D4) 
          0x0074E171 in gta_sa.exe (+0x34e171) 
        
    
