GTA SA 1.0.0.0 US
Unhandled exception at 0x00657475 in gta_sa.exe (+0x257475): 0xC0000005: Access violation reading location 0x00001B58.
    Register dump:
        EAX: 0x00001B58  EBX: 0x00000000  ECX: 0x12F56AB4  EDX: 0x00863C40  
        EDI: 0x0539F728  ESI: 0x12F8D2B0  EBP: 0x00033198  EIP: 0x00657475  
        ESP: 0x0028F70C  EFL: 0x00210206  CS: 0x00000023   SS: 0x0000002B   
        GS: 0x0000002B   FS: 0x00000053   ES: 0x0000002B   DS: 0x0000002B   
        
    Stack dump:
        0x0028F70C:  006E2BC9 00000000 12F8D2B0 0539F728 12F8D2B0 0028F73C
        0x0028F724:  00848826 00000001 006A6263 00000051 12F8D2B0 12F8D2B0
        0x0028F73C:  0028F7F4 00847F68 FFFFFFFF 006B1338 12F8D2B0 00565F4D
        0x0028F754:  00000001 00000012 00000000 0028F800 00000001 00C09950
        0x0028F76C:  0028F800 00000000 00C09950 005FC992 00000002 00B7D0B8
        0x0028F784:  00000001 00568AA6 00000012 00000000 0053C09A 01B0FD40
        0x0028F79C:  01B0FD40 01B0FE14 D32BFD50 0028F800 7407E086 5F5031C5
        0x0028F7B4:  D37D284E 0028F808 0028F86C 01B0FE14 00000000 00000000
        0x0028F7CC:  00000000 773EE454 77D4F0DC 00000000 019801BC 01980000
        0x0028F7E4:  00000000 00000000 001E000D 8001E1DD 0028F858 5F51939D
        base: 0x00090000   top: 0x0028F70C   bottom: 0x00290000
        
    Backtrace (may be wrong):
        =>0x00657475 in gta_sa.exe (+0x257475) (0x0028F708) 
          0x006E2BC9 in gta_sa.exe (+0x2e2bc9) (0x0028F728) 
          0x006A6263 in gta_sa.exe (+0x2a6263) (0x0028F744) 
          0x006B1338 in gta_sa.exe (+0x2b1338) (0x0028F74C) 
          0x00565F4D in gta_sa.exe (+0x165f4d) (0x0028F774) 
          0x005FC992 in gta_sa.exe (+0x1fc992) (0x0028F784) 
          0x00568AA6 in gta_sa.exe (+0x168aa6) (0x0028F790) 
          0x0053C09A in gta_sa.exe (+0x13c09a) 
        
    
