GTA SA 1.0.0.0 US
Unhandled exception at 0x77CFE4E3 in ntdll.dll (+0x2e4e3): 0xC0000005: Access violation writing location 0x000805F1.
    Register dump:
        EAX: 0x000805F1  EBX: 0xB5050708  ECX: 0x0001024B  EDX: 0x00000001  
        EDI: 0xB5050000  ESI: 0x05F1AAE6  EBP: 0x0028F6C0  EIP: 0x77CFE4E3  
        ESP: 0x0028F68C  EFL: 0x00210206  CS: 0x00000023   SS: 0x0000002B   
        GS: 0x0000002B   FS: 0x00000053   ES: 0x0000002B   DS: 0x0000002B   
        
    Stack dump:
        0x0028F68C:  00000000 01860000 1274A830 129C7930 129C7950 00180707
        0x0028F6A4:  00010000 0028F6BC 76CC14AD 01860000 001F0000 00000001
        0x0028F6BC:  1274A828 0028F6D8 77CFE0E3 00000000 05E60FF0 05E60FE0
        0x0028F6D4:  1274A828 0028F6EC 76CC14AD 01860000 00000000 1274A830
        0x0028F6EC:  0028F700 61669934 01860000 00000000 1274A830 0028F710
        0x0028F704:  61664778 1274A830 00000000 0028F71C 61660E5C 1274A830
        0x0028F71C:  0028F738 61656D01 1274A830 0000000C 25D1E0E0 25D1DF88
        0x0028F734:  00000001 0028F790 00469FF7 25D1DF88 25D1DF88 00000000
        0x0028F74C:  62DCEBDD 25D1E0E0 25D1DF88 0046A220 5E0221CC 04782C74
        0x0028F764:  0028F790 04782C74 0000069F 0005DC00 006819EE 00000400
        base: 0x00090000   top: 0x0028F68C   bottom: 0x00290000
        
    Backtrace (may be wrong):
        =>0x77CFE4E3 RtlInitUnicodeString+0x1f3 in ntdll.dll (+0x2e4e3) (0x0028F6C0) 
          0x77CFE0E3 RtlFreeHeap+0x7e in ntdll.dll (+0x2e0e3) (0x0028F6D8) 
          0x76CC14AD HeapFree+0x14 in kernel32.dll (+0x114ad) (0x0028F6EC) 
          0x61669934 GetCleoPlusVersion+0x35c44 in CLEO+.cleo (+0x49934) (0x0028F700) 
          0x61664778 GetCleoPlusVersion+0x30a88 in CLEO+.cleo (+0x44778) (0x0028F710) 
          0x61660E5C GetCleoPlusVersion+0x2d16c in CLEO+.cleo (+0x40e5c) (0x0028F71C) 
          0x61656D01 GetCleoPlusVersion+0x23011 in CLEO+.cleo (+0x36d01) (0x0028F738) 
          0x00469FF7 in gta_sa.exe (+0x69ff7) (0x0028F790) 
          0x0053BFCC in gta_sa.exe (+0x13bfcc) (0x0028F800) 
          0x5DC15C45 in collectiblesonradar.sa.asi (+0x5c45) (0x0028F840) 
          0x5DC1450B in collectiblesonradar.sa.asi (+0x450b) (0x0028F864) 
          0x5DC13C8E in collectiblesonradar.sa.asi (+0x3c8e) (0x0028F964) 
          0x0053E986 in gta_sa.exe (+0x13e986) (0x0028F97C) 
          0x613AC643 in modloader.asi (+0x1c643) (0x0028F994) 
          0x613AE06E in modloader.asi (+0x1e06e) (0x0028F9BC) 
          0x613ACB47 in modloader.asi (+0x1cb47) (0x0028F9D8) 
          0x613AE617 in modloader.asi (+0x1e617) (0x0028FA80) 
          0x613AE50C in modloader.asi (+0x1e50c) (0x0028FA8C) 
          0x0053ECC2 in gta_sa.exe (+0x13ecc2) (0x0028FA94) 
        
    
