GTA SA 1.0.0.0 US
Unhandled exception at 0x00532B82 in gta_sa.exe (+0x132b82): 0xC0000005: Access violation reading location 0x00000012.
    Register dump:
        EAX: 0x00000CB6  EBX: 0x00000080  ECX: 0x1DCF9768  EDX: 0x00000000  
        EDI: 0x1DCF9768  ESI: 0x1DCF0CB6  EBP: 0x00000005  EIP: 0x00532B82  
        ESP: 0x0028F5E8  EFL: 0x00210246  CS: 0x00000023   SS: 0x0000002B   
        GS: 0x0000002B   FS: 0x00000053   ES: 0x0000002B   DS: 0x0000002B   
        
    Stack dump:
        0x0028F5E8:  00000000 1DCF9768 00533718 00000047 1DCF9768 005A1DC6
        0x0028F600:  00000CB6 1DCF9294 1DCF9768 0028F964 0083D2C8 00000000
        0x0028F618:  005D4AF1 00000CB6 00000000 348D0B57 00000002 0028F68D
        0x0028F630:  0000005D 00005E1B 00000CB6 10DD59A0 00000030 4510C3BA
        0x0028F648:  3F3645A2 41CDEF9E 7F008100 008D0000 00000005 00000000
        0x0028F660:  00000000 18000085 00000000 00050000 03C80002 005D18FF
        0x0028F678:  0028FA18 0028FA18 0028F90C 0028FA64 434F4C42 0486E14B
        0x0028F690:  35DA8175 35DA8175 79646F42 72614820 74736576 0028F400
        0x0028F6A8:  0086BAE4 0028F484 0028F614 00000003 0028F428 1F27B398
        0x0028F6C0:  1F27B398 019CF910 04791374 0028F51C 012FB048 0028F51C
        base: 0x00090000   top: 0x0028F5E8   bottom: 0x00290000
        
    Backtrace (may be wrong):
        =>0x00532B82 in gta_sa.exe (+0x132b82) (0x0028F5EC) 
          0x00533718 in gta_sa.exe (+0x133718) (0x0028F5F8) 
          0x005A1DC6 in gta_sa.exe (+0x1a1dc6) (0x0028F614) 
          0x005D4AF1 in gta_sa.exe (+0x1d4af1) 
        
    
