GTA SA 1.0.0.0 US
Unhandled exception at 0x5E9BA938 in fxsfuncs.asi (+0xa938): 0xC0000005: Access violation reading location 0x0000001C.
    Register dump:
        EAX: 0x000000FF  EBX: 0x00000074  ECX: 0x0028F600  EDX: 0x00000000  
        EDI: 0x0539F9F0  ESI: 0x0028F6D8  EBP: 0x0028F6C0  EIP: 0x5E9BA938  
        ESP: 0x0028F6B0  EFL: 0x00210202  CS: 0x00000023   SS: 0x0000002B   
        GS: 0x0000002B   FS: 0x00000053   ES: 0x0000002B   DS: 0x0000002B   
        
    Stack dump:
        0x0028F6B0:  0539F9F0 053A39A0 10DAD430 00000000 0028F6CC 5E9CFB5B
        0x0028F6C8:  0028F6D8 0539F9B0 5E9D0F1D 0028F6D8 00200257 0539F9F0
        0x0028F6E0:  053A39A0 0539F9B0 0028F600 10DAD430 00000000 7FFFFFFF
        0x0028F6F8:  000000FF 004A3A9C 03CADA34 10DBCD38 00000000 3F800000
        0x0028F710:  000000FF 437F0000 FF34A101 BE22D866 3F7C7D69 437F0000
        0x0028F728:  BF76B0DC BE88D0C9 B3400000 437F0000 0BE57000 BE86F08C
        0x0028F740:  3F734EF2 3E28FD8E 451BCDF8 C4CF74D8 4170FEA5 10DBCD74
        0x0028F758:  0028F768 0767ACA8 0D8627D0 0028F860 25DC9B08 00000000
        0x0028F770:  00000005 00013C88 00000070 00000000 00000000 00000000
        0x0028F788:  00000000 00000000 0DC086F8 00040000 00000000 00000000
        base: 0x00090000   top: 0x0028F6B0   bottom: 0x00290000
        
    Backtrace (may be wrong):
        =>0x5E9BA938 in fxsfuncs.asi (+0xa938) (0x0028F6C0) 
          0x5E9CFB5B in fxsfuncs.asi (+0x1fb5b) (0x0028F6CC) 
          0x5E9D0F1D in fxsfuncs.asi (+0x20f1d) (0x0028F6F8) 
          0x004A3A9C in gta_sa.exe (+0xa3a9c) (0x0028F7CC) 
          0x7115AEE7 Direct3DCreate9+0xa485 in d3d9.dll (+0x6aee7) (0x0028F860) 
          0x006FB00E in gta_sa.exe (+0x2fb00e) (0x0028F8B4) 
          0x5E2699E7 in salodlights.asi (+0x99e7) (0x0028F8E4) 
          0x710FD331 Direct3DCreate9Ex+0x65c in d3d9.dll (+0xd331) (0x0028F918) 
          0x004A930F in gta_sa.exe (+0xa930f) (0x0028F93C) 
          0x0053E1A5 in gta_sa.exe (+0x13e1a5) (0x0028F948) 
          0x0053EAD8 in gta_sa.exe (+0x13ead8) 
        
    
