GTA SA 1.0.0.0 US
Unhandled exception at 0x00749B7B in gta_sa.exe (+0x349b7b): 0xC0000005: Access violation reading location 0x00000008.
    Register dump:
        EAX: 0x00000000  EBX: 0x00000012  ECX: 0x00000000  EDX: 0x0086C200  
        EDI: 0x00000008  ESI: 0x00000000  EBP: 0x00000000  EIP: 0x00749B7B  
        ESP: 0x0028F5CC  EFL: 0x00210246  CS: 0x00000023   SS: 0x0000002B   
        GS: 0x0000002B   FS: 0x00000053   ES: 0x0000002B   DS: 0x0000002B   
        
    Stack dump:
        0x0028F5CC:  12FD4298 00000000 00000000 00000012 0073483D 00000000
        0x0028F5E4:  00734810 0028F5EC 00000000 004D672B 00000000 12F8B74C
        0x0028F5FC:  005E489E 00000000 12FD4298 12F8B74C 005DE381 00000112
        0x0028F614:  00000012 12F8B74C 0028F670 0083D7C8 00000000 00612872
        0x0028F62C:  00000012 00000112 12FD4298 00000012 00000001 00000001
        0x0028F644:  00000194 0000006B 0000006A 00000023 00000020 0000006A
        0x0028F65C:  00000022 1243C4C0 45125056 C4A27BA1 4512DDEC 0028F7F4
        0x0028F674:  0083EE28 00000002 00613B84 12F8B74C 00000112 0028F69C
        0x0028F68C:  00000000 25B0FD38 00A90670 00000001 4512973B C4A2FDA2
        0x0028F6A4:  41C25C51 4513FA3B C4A08608 41CADEFA 0048D7A0 12FD4298
        base: 0x00090000   top: 0x0028F5CC   bottom: 0x00290000
        
    Backtrace (may be wrong):
        =>0x00749B7B in gta_sa.exe (+0x349b7b) 
        
    
