GTA SA 1.0.0.0 US
Unhandled exception at 0x00749B7B in gta_sa.exe (+0x349b7b): 0xC0000005: Access violation reading location 0x00000008.
    Register dump:
        EAX: 0x00000000  EBX: 0x00000000  ECX: 0x00000000  EDX: 0x3FA06AE3  
        EDI: 0x00000008  ESI: 0x00000090  EBP: 0x00009997  EIP: 0x00749B7B  
        ESP: 0x0028F8FC  EFL: 0x00210206  CS: 0x00000023   SS: 0x0000002B   
        GS: 0x0000002B   FS: 0x00000053   ES: 0x0000002B   DS: 0x0000002B   
        
    Stack dump:
        0x0028F8FC:  00000000 00000090 00009997 00000000 005B0214 00000000
        0x0028F914:  005B0130 0028F920 00000007 3F9F9D8A 3FA06AE3 3FA06AE3
        0x0028F92C:  3FA06AE3 005B18C3 00000000 3F9F9D8A 00000000 00000000
        0x0028F944:  0028F97C FFFFFFFF 0053BF2D 019FE088 019FDF18 FFFFFFFF
        0x0028F95C:  5D8BF2DF 0028F97C 6A60E086 0053E986 6A25DCCA 019FDF18
        0x0028F974:  6A25E130 00000001 0028F994 6A25C643 0028F9B4 0028F9CC
        0x0028F98C:  6A2AA858 00000000 0028F9BC 6A25E06E 6A2AFAB0 019FE088
        0x0028F9A4:  6A25316D 00000000 0028F99C 0028F9D4 00000001 019FDF08
        0x0028F9BC:  0028F9D8 6A25CB47 0028F9E0 0028FA94 0028FA74 6A2AA858
        0x0028F9D4:  00000000 0028FA80 6A25E617 6A2AF9C4 019FE088 6A2AAAC1
        base: 0x00090000   top: 0x0028F8FC   bottom: 0x00290000
        
    Backtrace (may be wrong):
        =>0x00749B7B in gta_sa.exe (+0x349b7b) (0x0028F908) 
          0x005B0214 in gta_sa.exe (+0x1b0214) 
        
    
