GTA SA 1.0.0.0 US
Unhandled exception at 0x42480020 in gta_sa.exe: 0xC0000005: Access violation writing location 0x97B00060.
    Register dump:
        EAX: 0x00E7002A  EBX: 0x00568873  ECX: 0x1B672348  EDX: 0x00001581  
        EDI: 0x159A9F18  ESI: 0x1B67234C  EBP: 0x00B9A70C  EIP: 0x42480020  
        ESP: 0x0028FA15  EFL: 0x00210202  CS: 0x00000023   SS: 0x0000002B   
        GS: 0x0000002B   FS: 0x00000053   ES: 0x0000002B   DS: 0x0000002B   
        
    Stack dump:
        0x0028FA18:  00363A4C 487E2138 008E2270 0080875D 487E2138 000000A4
        0x0028FA30:  4882B560 00B9A708 00000000 00000000 1C634504 00000000
        0x0028FA48:  487E2138 1B63A460 00534055 004C4BBE 005340BA 0053410A
        0x0028FA60:  1B63A460 1B63A460 00535EE2 1B63A460 1B63A460 0028FB9C
        0x0028FA78:  0083C8D8 FFFFFFFF 00404139 1597CB58 1B63A460 00564093
        0x0028FA90:  00564073 00000000 00B7D0B8 749C7D59 00000000 00000000
        0x0028FAA8:  0053C9C1 00000001 00000001 00748E70 00000001 01824499
        0x0028FAC0:  0028FB68 FFFFFFFF 00000028 41D1531A 003626E8 00000008
        0x0028FAD8:  00000100 00000008 00000102 44700000 44070000 00000000
        0x0028FAF0:  00000000 00000780 00000438 00000000 00000DBB 00000000
        base: 0x00090000   top: 0x0028FA15   bottom: 0x00290000
        
    Backtrace (may be wrong):
        =>0x42480020 in unknown (+0x42480020) (0x0028FA11) 
          0x4C4882B5 in unknown (+0x4c4882b5) (0x0028FA15) 
          0x3800363A in unknown (+0x3800363a) (0x0028FA19) 
          0x70487E21 in unknown (+0x70487e21) (0x0028FA1D) 
          0x5D008E22 in unknown (+0x5d008e22) (0x0028FA21) 
          0x38008087 in unknown (+0x38008087) (0x0028FA25) 
          0xA4487E21 in unknown (+0xa4487e21) (0x0028FA29) 
          0x60000000 in MoonLoader.asi (+0xa0000) (0x0028FA2D) 
          0x084882B5 GTPIN_IGC_Instrument+0x2fffc5 in igdumdim32.dll (+0x4382b5) (0x0028FA31) 
        
    
