GTA SA 1.0.0.0 US
Unhandled exception at 0x007F18CF in gta_sa.exe (+0x3f18cf): 0xC0000005: Access violation reading location 0x0000005C.
    Register dump:
        EAX: 0x00020000  EBX: 0x00000003  ECX: 0x00000178  EDX: 0x41EC4610  
        EDI: 0x561986EC  ESI: 0x00000050  EBP: 0x039810F0  EIP: 0x007F18CF  
        ESP: 0x0028F048  EFL: 0x00210206  CS: 0x00000023   SS: 0x0000002B   
        GS: 0x0000002B   FS: 0x00000053   ES: 0x0000002B   DS: 0x0000002B   
        
    Stack dump:
        0x0028F048:  561986EC 41EC4600 41EC4030 0000000F 0080981D 41EC4650
        0x0028F060:  41EC4610 00000050 421BF090 41EC4318 421BF098 007F09A7
        0x0028F078:  0000000F 5619872C 609D4DE4 41EC4318 0D20A788 0D20A788
        0x0028F090:  0028F0AC 01B4CF40 005343A1 421BF090 01B4CF40 00000000
        0x0028F0A8:  60E7EF42 0028F108 60E790B9 0028F0F8 B5F1675E 0028F110
        0x0028F0C0:  0028F178 01B4D090 053AF25C 60EB9B08 053AF25C 557F62C8
        0x0028F0D8:  00000001 557F62C8 557F6308 557F6F10 0D2E7D88 0028F0F8
        0x0028F0F0:  0028F0CC 01B4D094 0D20A788 0028F164 60EA92DD 00000000
        0x0028F108:  0028F148 60E820F9 60EBA054 04601280 005343AD 005343B7
        0x0028F120:  01B4CF40 00000000 60E7EF42 0028F188 60E79143 0028F110
        base: 0x00090000   top: 0x0028F048   bottom: 0x00290000
        
    Backtrace (may be wrong):
        =>0x007F18CF in gta_sa.exe (+0x3f18cf) (0x0028F054) 
          0x0080981D in gta_sa.exe (+0x40981d) (0x0028F070) 
          0x007F09A7 in gta_sa.exe (+0x3f09a7) (0x0028F07C) 
          0x609D4DE4 ignoreB+0x3244 in vehfuncs.asi (+0x14de4) (0x0028F094) 
          0x005343A1 in gta_sa.exe (+0x1343a1) (0x0028F0A4) 
          0x60E7EF42 in fxsfuncs.asi (+0x1ef42) 
        
    
