GTA SA 1.0.0.0 US
Unhandled exception at 0x77B02302 in ntdll.dll (+0x22302): 0xC0000005: Access violation writing location 0x00000024.
    Register dump:
        EAX: 0x00000024  EBX: 0x00B71848  ECX: 0x008E2C30  EDX: 0x00B71848  
        EDI: 0x00000020  ESI: 0x00000024  EBP: 0x0028F944  EIP: 0x77B02302  
        ESP: 0x0028F930  EFL: 0x00210212  CS: 0x00000023   SS: 0x0000002B   
        GS: 0x0000002B   FS: 0x00000053   ES: 0x0000002B   DS: 0x0000002B   
        
    Stack dump:
        0x0028F930:  00B71848 00000000 01AFDA10 00000000 00000000 0028F98C
        0x0028F948:  00823FD0 00000020 008237C2 00000000 00000000 00B71848
        0x0028F960:  00000000 5FE9BB18 01AFDA10 00000000 00B71848 0028F958
        0x0028F978:  0028F388 0028FB9C 00825EA4 00887F80 FFFFFFFF 00000018
        0x0028F990:  005389C4 00B71848 00000200 00000000 00536F96 00000000
        0x0028F9A8:  00B71848 00000200 00000000 005BBB26 00000000 00000001
        0x0028F9C0:  00000001 77577D59 00000000 00000000 00000000 00000017
        0x0028F9D8:  64006464 00000000 00000000 00000000 00000000 00000000
        0x0028F9F0:  00000100 00000000 00000000 FFFFFFFF FFFFFFFF FFFFFFFF
        0x0028FA08:  FFFFFFFF FFFFFFFF FFFFFFFF 00000000 00000000 00000000
        base: 0x00090000   top: 0x0028F930   bottom: 0x00290000
        
    Backtrace (may be wrong):
        =>0x77B02302 RtlEnterCriticalSection+0x12 in ntdll.dll (+0x22302) (0x0028F944) 
          0x00823FD0 in gta_sa.exe (+0x423fd0) (0x0028F98C) 
          0x005389C4 in gta_sa.exe (+0x1389c4) (0x0028F99C) 
          0x00536F96 in gta_sa.exe (+0x136f96) 
        
    
