GTA SA 1.0.0.0 US
Unhandled exception at 0x76F82302 in ntdll.dll (+0x22302): 0xC0000005: Access violation writing location 0x00000024.
    Register dump:
        EAX: 0x00000024  EBX: 0x34B2FAC0  ECX: 0x008E2C30  EDX: 0x00000000  
        EDI: 0x00000020  ESI: 0x00000024  EBP: 0x0F0BFE98  EIP: 0x76F82302  
        ESP: 0x0F0BFE84  EFL: 0x00010212  CS: 0x00000023   SS: 0x0000002B   
        GS: 0x0000002B   FS: 0x00000053   ES: 0x0000002B   DS: 0x0000002B   
        
    Stack dump:
        0x0F0BFE84:  00B6B970 00000060 00000068 0F0BFE9C 0F0BFED0 0F0BFED4
        0x0F0BFE9C:  00823FD0 00000020 00823763 00000000 00B6B970 00000060
        0x0F0BFEB4:  34B2FAC0 0F0BFEA8 0F0BFEAC 0F0BF8DC 0F0BFF28 00825EA4
        0x0F0BFECC:  00887F70 FFFFFFFF 00000000 005389A4 00000000 000002F4
        0x0F0BFEE4:  00000000 004F30BB 00000000 000002F4 00000000 00000059
        0x0F0BFEFC:  0000000D 00000060 00B6B970 00000008 004F3660 00000008
        0x0F0BFF14:  00B606CC 00000000 00000008 0000000D 00B6B970 0F0BFF68
        0x0F0BFF2C:  0083C1C7 FFFFFFFF 004F1404 00000008 00B606CC 00B60601
        0x0F0BFF44:  0002EF50 76A810FF 010BFFC4 00000008 00000002 0004002D
        0x0F0BFF5C:  0000000D 00B60704 00000000 0F0BFFC4 0083C106 FFFFFFFF
        base: 0x0EEC0000   top: 0x0F0BFE84   bottom: 0x0F0C0000
        
    Backtrace (may be wrong):
        =>0x76F82302 RtlEnterCriticalSection+0x12 in ntdll.dll (+0x22302) (0x0F0BFE98) 
          0x00823FD0 in gta_sa.exe (+0x423fd0) (0x0F0BFED4) 
          0x005389A4 in gta_sa.exe (+0x1389a4) 
        
    
