GTA SA 1.0.0.0 US
Unhandled exception at 0x77CFE4E3 in ntdll.dll (+0x2e4e3): 0xC0000005: Access violation writing location 0xFD500000.
    Register dump:
        EAX: 0xFD500000  EBX: 0x158C0001  ECX: 0x007504B3  EDX: 0x00000074  
        EDI: 0x158C0000  ESI: 0x0C9ACB4E  EBP: 0x0028F6C0  EIP: 0x77CFE4E3  
        ESP: 0x0028F68C  EFL: 0x00210202  CS: 0x00000023   SS: 0x0000002B   
        GS: 0x0000002B   FS: 0x00000053   ES: 0x0000002B   DS: 0x0000002B   
        
    Stack dump:
        0x0028F68C:  00000000 018C0000 2598ADF8 0D0FC6B0 0D0FC6D0 00000000
        0x0028F6A4:  0074FFFF 0028F6BC 76CC14AD 018C0000 0000018D 00000001
        0x0028F6BC:  2598ADF0 0028F6D8 77CFE0E3 00000000 0CCD5A98 0CCD5A88
        0x0028F6D4:  2598ADF0 0028F6EC 76CC14AD 018C0000 00000000 2598ADF8
        0x0028F6EC:  0028F700 6BCA9934 018C0000 00000000 2598ADF8 0028F710
        0x0028F704:  6BCA4778 2598ADF8 00000000 0028F71C 6BCA0E5C 2598ADF8
        0x0028F71C:  0028F738 6BC96D01 2598ADF8 0000000C 0CE565C0 0CE56718
        0x0028F734:  00000001 0028F790 00469FF7 0CE56718 0CE56718 00000000
        0x0028F74C:  6BD1EBDD 0CE565C0 0CE56718 0046A220 614121CC 04862C74
        0x0028F764:  0028F790 04862C74 00000826 0005DBD4 006819EE 000003D4
        base: 0x00090000   top: 0x0028F68C   bottom: 0x00290000
        
    Backtrace (may be wrong):
        =>0x77CFE4E3 RtlInitUnicodeString+0x1f3 in ntdll.dll (+0x2e4e3) (0x0028F6C0) 
          0x77CFE0E3 RtlFreeHeap+0x7e in ntdll.dll (+0x2e0e3) (0x0028F6D8) 
          0x76CC14AD HeapFree+0x14 in kernel32.dll (+0x114ad) (0x0028F6EC) 
          0x6BCA9934 GetCleoPlusVersion+0x35c44 in CLEO+.cleo (+0x49934) (0x0028F700) 
          0x6BCA4778 GetCleoPlusVersion+0x30a88 in CLEO+.cleo (+0x44778) (0x0028F710) 
          0x6BCA0E5C GetCleoPlusVersion+0x2d16c in CLEO+.cleo (+0x40e5c) (0x0028F71C) 
          0x6BC96D01 GetCleoPlusVersion+0x23011 in CLEO+.cleo (+0x36d01) (0x0028F738) 
          0x00469FF7 in gta_sa.exe (+0x69ff7) (0x0028F790) 
          0x0053BFCC in gta_sa.exe (+0x13bfcc) (0x0028F800) 
          0x60ED5C45 in collectiblesonradar.sa.asi (+0x5c45) (0x0028F840) 
          0x60ED450B in collectiblesonradar.sa.asi (+0x450b) (0x0028F864) 
          0x60ED3C8E in collectiblesonradar.sa.asi (+0x3c8e) (0x0028F964) 
          0x0053E986 in gta_sa.exe (+0x13e986) (0x0028F97C) 
          0x6B96C643 in modloader.asi (+0x1c643) (0x0028F994) 
          0x6B96E06E in modloader.asi (+0x1e06e) (0x0028F9BC) 
          0x6B96CB47 in modloader.asi (+0x1cb47) (0x0028F9D8) 
          0x6B96E617 in modloader.asi (+0x1e617) (0x0028FA80) 
          0x6B96E50C in modloader.asi (+0x1e50c) (0x0028FA8C) 
          0x0053ECC2 in gta_sa.exe (+0x13ecc2) (0x0028FA94) 
        
    
