GTA SA 1.0.0.0 US
Unhandled exception at 0x004C67BB in gta_sa.exe (+0xc67bb): 0xC0000005: Access violation reading location 0x00000018.
    Register dump:
        EAX: 0x00000000  EBX: 0x0000008B  ECX: 0x00B4C2D4  EDX: 0x0028F160  
        EDI: 0x00000008  ESI: 0x00B4C2D4  EBP: 0xFFFFFFFF  EIP: 0x004C67BB  
        ESP: 0x0028F17C  EFL: 0x00010206  CS: 0x00000023   SS: 0x0000002B   
        GS: 0x0000002B   FS: 0x00000053   ES: 0x0000002B   DS: 0x0000002B   
        
    Stack dump:
        0x0028F17C:  069BE0F0 005B74AC 0000011D 00B71848 00869834 0028F1D8
        0x0028F194:  0028F1FC 0028F270 0028F258 0028F228 0028F240 0028F1E8
        0x0028F1AC:  0028F1E4 0028F1EC 0028F1E0 0028F1DC 0028F214 0028F288
        0x0028F1C4:  0028F2C4 00000008 069BE0F0 FFFFFFFF 008E2C64 0000011D
        0x0028F1DC:  00000009 00000009 00000000 00001FFF 6C6C756E 00000000
        0x0028F1F4:  0F1AEE10 04671390 74617773 39003100 0028F274 755D48E3
        0x0028F20C:  C98F8457 FFFFFFFE 5F444550 45505954 474D455F 0F1AEE00
        0x0028F224:  00001000 54415453 504F435F 4E414D00 00000000 00C9C300
        0x0028F23C:  00000003 74617773 0028F200 00833E01 020B08D8 0082B6A4
        0x0028F254:  00000003 00504F43 004E414D 008E2C90 00B71848 000009C6
        base: 0x00090000   top: 0x0028F17C   bottom: 0x00290000
        
    Backtrace (may be wrong):
        =>0x004C67BB in gta_sa.exe (+0xc67bb) (0x0028F17C) 
          0x005B74AC in gta_sa.exe (+0x1b74ac) (0x0028F244) 
          0x00833E01 in gta_sa.exe (+0x433e01) (0x0028F24C) 
          0x0082B6A4 in gta_sa.exe (+0x42b6a4) (0x0028F280) 
          0x0082AD25 in gta_sa.exe (+0x42ad25) (0x0028F294) 
          0x0082381C in gta_sa.exe (+0x42381c) (0x0028F29C) 
          0x00823812 in gta_sa.exe (+0x423812) (0x0028F2D4) 
          0x00823812 in gta_sa.exe (+0x423812) (0x0028F2D8) 
          0x005389C4 in gta_sa.exe (+0x1389c4) (0x0028F2E8) 
          0x00536F96 in gta_sa.exe (+0x136f96) (0x0028F2FC) 
          0x005B8659 in gta_sa.exe (+0x1b8659) (0x0028F340) 
          0x77B1E454 RtlInitUnicodeString+0x164 in ntdll.dll (+0x2e454) (0x0028F344) 
          0x77B1E1B2 RtlAllocateHeap+0xac in ntdll.dll (+0x2e1b2) (0x0028F370) 
          0x5E8CD059 GetPluginData+0xc1d9 in std.data.dll (+0x1bd059) (0x0028F390) 
          0x5E8C7B7A GetPluginData+0x6cfa in std.data.dll (+0x1b7b7a) (0x0028F3C0) 
          0x5E72962A in std.data.dll (+0x1962a) 
        
    
