GTA SA 1.0.0.0 US
Unhandled exception at 0x004082B1 in gta_sa.exe (+0x82b1): 0xC0000005: Access violation reading location 0x0000046C.
    Register dump:
        EAX: 0x00000000  EBX: 0x00000001  ECX: 0x12E36840  EDX: 0x00000001  
        EDI: 0x00000000  ESI: 0x12E36840  EBP: 0x00000000  EIP: 0x004082B1  
        ESP: 0x0028F62C  EFL: 0x00210212  CS: 0x00000023   SS: 0x0000002B   
        GS: 0x0000002B   FS: 0x00000053   ES: 0x0000002B   DS: 0x0000002B   
        
    Stack dump:
        0x0028F62C:  00000972 12E36840 006A6263 12E36840 00000001 004797AF
        0x0028F644:  00000000 45187FE4 C4FF44FC 41BACD88 00000001 00000000
        0x0028F65C:  12E366E8 12E36840 00000000 00000001 00000000 00000003
        0x0028F674:  00000000 00000003 3522D2A0 1370A960 00000000 00000000
        0x0028F68C:  C4FF3377 4518887F C4FF558D 0028F730 0083C9CB FFFFFFFF
        0x0028F6A4:  00563257 1BB3AF70 005A1838 1BB3AF70 1BB3AF70 0047D662
        0x0028F6BC:  45187FE4 0047D685 0028F704 1BB3AF70 12E366E8 12E36840
        0x0028F6D4:  00000001 00000000 00000000 00000000 C4FF44FC 45187FE4
        0x0028F6EC:  00000000 00000000 00000000 45187FE4 C4FF44FC 41BACD88
        0x0028F704:  45187FE4 C4FF44FC 41BACD88 FFFFFAF3 12E366E8 12E36840
        base: 0x00090000   top: 0x0028F62C   bottom: 0x00290000
        
    Backtrace (may be wrong):
        =>0x004082B1 in gta_sa.exe (+0x82b1) 
        
    
