GTA SA 1.0.0.0 US
Unhandled exception at 0x00532B82 in gta_sa.exe (+0x132b82): 0xC0000005: Access violation reading location 0x00000012.
    Register dump:
        EAX: 0x00000CB6  EBX: 0x00000081  ECX: 0x12976BF4  EDX: 0x00000000  
        EDI: 0x12976BF4  ESI: 0x12970CB6  EBP: 0x00000005  EIP: 0x00532B82  
        ESP: 0x0028F5E8  EFL: 0x00010246  CS: 0x00000023   SS: 0x0000002B   
        GS: 0x0000002B   FS: 0x00000053   ES: 0x0000002B   DS: 0x0000002B   
        
    Stack dump:
        0x0028F5E8:  00000000 12976BF4 00533718 00000034 12976BF4 005A1DC6
        0x0028F600:  00000CB6 12975A40 12976BF4 0028F9A4 0083D2C8 00000000
        0x0028F618:  005D4AF1 00000CB6 00000000 248EAAA9 00000002 0028F68D
        0x0028F630:  0000005C 00004315 00000CB6 0FC26960 00000030 4515F33B
        0x0028F648:  44EAE473 428C245A 0000007F 008D007F 00000005 00000000
        0x0028F660:  00000000 08014184 00000000 00040000 41000002 005D18FF
        0x0028F678:  0028FA58 0028FA58 0028F94C 0028FAA4 434F4C42 04A3B74B
        0x0028F690:  35DA8175 35DA8175 6556204F 746F686C 6F642065 6D6D4520
        0x0028F6A8:  00007465 0028F484 0028F614 00000007 0028F428 107F600C
        0x0028F6C0:  107F600C 047BE708 0478367C 0028F51C 012FB048 0028F51C
        base: 0x00090000   top: 0x0028F5E8   bottom: 0x00290000
        
    Backtrace (may be wrong):
        =>0x00532B82 in gta_sa.exe (+0x132b82) (0x0028F5EC) 
          0x00533718 in gta_sa.exe (+0x133718) (0x0028F5F8) 
          0x005A1DC6 in gta_sa.exe (+0x1a1dc6) (0x0028F614) 
          0x005D4AF1 in gta_sa.exe (+0x1d4af1) 
        
    
