GTA SA 1.0.0.0 US
Unhandled exception at 0x42480137 in gta_sa.exe: 0xC0000005: Access violation writing location 0xAB8A99C7.
    Register dump:
        EAX: 0x1B8A2348  EBX: 0x00B9A70C  ECX: 0x0FE99EE8  EDX: 0x00001538  
        EDI: 0x0FE99F18  ESI: 0x1B8A2348  EBP: 0x00863C40  EIP: 0x42480137  
        ESP: 0x0028FA90  EFL: 0x00210282  CS: 0x00000023   SS: 0x0000002B   
        GS: 0x0000002B   FS: 0x00000053   ES: 0x0000002B   DS: 0x0000002B   
        
    Stack dump:
        0x0028FA90:  00564073 00000000 00B7D0B8 749C7D59 00000000 00000000
        0x0028FAA8:  0053C9C1 00000001 00000001 00748E70 00000001 015B4499
        0x0028FAC0:  0028FB68 FFFFFFFF 00000028 41E9FF90 038726E8 00000008
        0x0028FAD8:  00000100 00000008 00000102 44700000 44070000 00000000
        0x0028FAF0:  00000000 00000780 00000438 00000000 00000DBB 00000000
        0x0028FB08:  00000012 00000000 00000000 0102AFB4 000003C0 0000021C
        0x0028FB20:  0000002C 00000000 00000001 FFFFFFFF FFFFFFFF FFFFFFFF
        0x0028FB38:  FFFFFFFF 00000000 00000000 00000780 00000438 611BE0D4
        0x0028FB50:  00400000 00000000 015B4499 00000001 016EAC84 016EAC80
        0x0028FB68:  0028FBA8 611BC7A8 0028FBC8 0028FBCC 0028FBD0 0028FBD4
        base: 0x00090000   top: 0x0028FA90   bottom: 0x00290000
        
    Backtrace (may be wrong):
        =>0x42480137 in unknown (+0x42480137) (0x0028FA8C) 
          0x00564073 in gta_sa.exe (+0x164073) (0x0028FAA4) 
          0x0053C9C1 in gta_sa.exe (+0x13c9c1) 
        
    
