GTA SA 1.0.0.0 US
Unhandled exception at 0x007F18CF in gta_sa.exe (+0x3f18cf): 0xC0000005: Access violation reading location 0x0000005C.
    Register dump:
        EAX: 0x00020000  EBX: 0x00000003  ECX: 0x00000178  EDX: 0xA9A86040  
        EDI: 0x51AB5A60  ESI: 0x00000050  EBP: 0x016010F0  EIP: 0x007F18CF  
        ESP: 0x0028F048  EFL: 0x00210206  CS: 0x00000023   SS: 0x0000002B   
        GS: 0x0000002B   FS: 0x00000053   ES: 0x0000002B   DS: 0x0000002B   
        
    Stack dump:
        0x0028F048:  51AB5A60 A9A86030 B50143F0 0000000F 0080981D A9A86080
        0x0028F060:  A9A86040 00000050 452EC5F8 B50143F0 452EC600 007F09A7
        0x0028F078:  0000000F 51AB5AA0 60734DE4 B50143F0 0D432628 0D432628
        0x0028F090:  0028F0AC 01A1B298 005343A1 452EC5F8 01A1B298 00000000
        0x0028F0A8:  73A6EF42 0028F108 73A690B9 0028F0F8 C51EFFFC 0028F110
        0x0028F0C0:  0028F178 01A1B3E8 54B70F20 73AA9B08 0028F0FE 60730E43
        0x0028F0D8:  51F37898 0000005F 00000005 0000000E 65656877 0D432628
        0x0028F0F0:  0028F0CC 01A1B3EC 0D432628 0028F164 73A992DD 00000000
        0x0028F108:  0028F148 73A720F9 73AAA054 0406CB88 6D6D7564 00000079
        0x0028F120:  00000000 0000000F C508D064 0028F1BC 60777C25 0028F110
        base: 0x00090000   top: 0x0028F048   bottom: 0x00290000
        
    Backtrace (may be wrong):
        =>0x007F18CF in gta_sa.exe (+0x3f18cf) (0x0028F054) 
          0x0080981D in gta_sa.exe (+0x40981d) (0x0028F070) 
          0x007F09A7 in gta_sa.exe (+0x3f09a7) (0x0028F07C) 
          0x60734DE4 ignoreB+0x3244 in vehfuncs.asi (+0x14de4) (0x0028F094) 
          0x005343A1 in gta_sa.exe (+0x1343a1) (0x0028F0A4) 
          0x73A6EF42 in fxsfuncs.asi (+0x1ef42) 
        
    
