GTA SA 1.0.0.0 US
Unhandled exception at 0x424800E1 in gta_sa.exe: 0xC0000005: Access violation reading location 0xFFFFFFFF.
    Register dump:
        EAX: 0x0054F5D0  EBX: 0x0FC99900  ECX: 0x1B87FD00  EDX: 0x00001489  
        EDI: 0x0FC99930  ESI: 0x1B87FD00  EBP: 0x00B9A70C  EIP: 0x424800E1  
        ESP: 0x0028FA8C  EFL: 0x00210206  CS: 0x00000023   SS: 0x0000002B   
        GS: 0x0000002B   FS: 0x00000053   ES: 0x0000002B   DS: 0x0000002B   
        
    Stack dump:
        0x0028FA8C:  677A0088 00564073 00000000 00B7D0B8 749C7D59 00000000
        0x0028FAA4:  00000000 0053C9C1 00000001 00000001 00748E70 00000001
        0x0028FABC:  019A4499 0028FB68 FFFFFFFF 00000028 41F20723 003A26E8
        0x0028FAD4:  00000008 00000100 00000008 00000102 44700000 44070000
        0x0028FAEC:  00000000 00000000 00000780 00000438 00000000 00000DBB
        0x0028FB04:  00000000 00000012 00000000 00000000 00EF100B 000003C0
        0x0028FB1C:  0000021C 0000002C 00000000 00000001 FFFFFFFF FFFFFFFF
        0x0028FB34:  FFFFFFFF FFFFFFFF 00000000 00000000 00000780 00000438
        0x0028FB4C:  6950E0D4 00400000 00000000 019A4499 00000001 01ADAC84
        0x0028FB64:  01ADAC80 0028FBA8 6950C7A8 0028FBC8 0028FBCC 0028FBD0
        base: 0x00090000   top: 0x0028FA8C   bottom: 0x00290000
        
    Backtrace (may be wrong):
        =>0x424800E1 in unknown (+0x424800e1) (0x0028FA8C) 
          0x00564073 in gta_sa.exe (+0x164073) (0x0028FAA4) 
          0x0053C9C1 in gta_sa.exe (+0x13c9c1) 
        
    
