GTA SA 1.0.0.0 US
Unhandled exception at 0x771B2302 in ntdll.dll (+0x22302): 0xC0000005: Access violation writing location 0x00000024.
    Register dump:
        EAX: 0x00000024  EBX: 0x41EB4CA8  ECX: 0x008E2C30  EDX: 0x00000000  
        EDI: 0x00000020  ESI: 0x00000024  EBP: 0x0EE4FE98  EIP: 0x771B2302  
        ESP: 0x0EE4FE84  EFL: 0x00010212  CS: 0x00000023   SS: 0x0000002B   
        GS: 0x0000002B   FS: 0x00000053   ES: 0x0000002B   DS: 0x0000002B   
        
    Stack dump:
        0x0EE4FE84:  00B6B970 0000000C 00000070 0EE4FE9C 0EE4FED0 0EE4FED4
        0x0EE4FE9C:  00823FD0 00000020 00823763 00000000 00B6B970 0000000C
        0x0EE4FEB4:  41EB4CA8 0EE4FEA8 0EE4FEAC 0EE4F8DC 0EE4FF28 00825EA4
        0x0EE4FECC:  00887F70 FFFFFFFF 00000000 005389A4 00000000 00000057
        0x0EE4FEE4:  00000000 004F30BB 00000000 00000057 00000000 00000062
        0x0EE4FEFC:  00000000 0000000C 00B6B970 00000001 004F3660 00000001
        0x0EE4FF14:  00B606CC 00000000 00000001 00000000 00B6B970 0EE4FF68
        0x0EE4FF2C:  0083C1C7 FFFFFFFF 004F1404 00000001 00B606CC 00B60601
        0x0EE4FF44:  0004EE6E 74BD10FF 01E4FFC4 00000001 00000002 0000F7F1
        0x0EE4FF5C:  00000000 00B60704 00000000 0EE4FFC4 0083C106 FFFFFFFF
        base: 0x0EC50000   top: 0x0EE4FE84   bottom: 0x0EE50000
        
    Backtrace (may be wrong):
        =>0x771B2302 RtlEnterCriticalSection+0x12 in ntdll.dll (+0x22302) (0x0EE4FE98) 
          0x00823FD0 in gta_sa.exe (+0x423fd0) (0x0EE4FED4) 
          0x005389A4 in gta_sa.exe (+0x1389a4) 
        
    
