GTA SA 1.0.0.0 US
Unhandled exception at 0x00405CBC in gta_sa.exe (+0x5cbc): 0xC0000005: Access violation writing location 0x00000034.
    Register dump:
        EAX: 0x00000000  EBX: 0x11EA6698  ECX: 0x1D4AC0D8  EDX: 0x160D01E4  
        EDI: 0x1BDDE804  ESI: 0x14FB2390  EBP: 0x00000028  EIP: 0x00405CBC  
        ESP: 0x0028F3D4  EFL: 0x00210213  CS: 0x00000023   SS: 0x0000002B   
        GS: 0x0000002B   FS: 0x00000053   ES: 0x0000002B   DS: 0x0000002B   
        
    Stack dump:
        0x0028F3D4:  11EA6698 008E48AC 00006333 0000008C 1D4AC0D8 00000001
        0x0028F3EC:  44BE6680 C4CDE980 44BECFDE C4CE0980 004060DF 0000008C
        0x0028F404:  1BDDE800 00002000 008E48AC 00006333 00002000 0007BFFC
        0x0028F41C:  11EA6698 008E48AC 0040C9DF 0000008C 1BDDE800 00002000
        0x0028F434:  0007BFFC 00006333 00000098 008E4AF8 5A103BBF 1BDDE800
        0x0028F44C:  00002000 75861194 00000204 FFFFFFFF 00000000 04F3EBC8
        0x0028F464:  0040E2CA 1BDDE800 00006333 00000001 00000009 00000098
        0x0028F47C:  00003400 00000001 00000000 00000004 0040EAC8 00000001
        0x0028F494:  00000100 00000000 11EA70C0 004050E2 00000000 00000000
        0x0028F4AC:  00000000 00000000 008E2C90 00824219 015B0000 5F6E616C
        base: 0x00090000   top: 0x0028F3D4   bottom: 0x00290000
        
    Backtrace (may be wrong):
        =>0x00405CBC in gta_sa.exe (+0x5cbc) (0x0028F3F8) 
          0x004060DF in gta_sa.exe (+0x60df) (0x0028F420) 
          0x0040C9DF in gta_sa.exe (+0xc9df) (0x0028F44C) 
          0x75861194 WaitForSingleObjectEx+0x43 in kernel32.dll (+0x11194) (0x0028F460) 
          0x0040E2CA in gta_sa.exe (+0xe2ca) (0x0028F488) 
          0x0040EAC8 in gta_sa.exe (+0xeac8) (0x0028F49C) 
          0x004050E2 in gta_sa.exe (+0x50e2) (0x0028F4B4) 
          0x00824219 in gta_sa.exe (+0x424219) (0x0028F4D8) 
          0x00824016 in gta_sa.exe (+0x424016) (0x0028F4EC) 
          0x0082421E in gta_sa.exe (+0x42421e) (0x0028F4F0) 
          0x0082423B in gta_sa.exe (+0x42423b) (0x0028F4F8) 
          0x00824266 in gta_sa.exe (+0x424266) (0x0028F504) 
          0x008211B7 in gta_sa.exe (+0x4211b7) 
        
    
