GTA SA 1.0.0.0 US
Unhandled exception at 0x004C9691 in gta_sa.exe (+0xc9691): 0xC0000005: Access violation reading location 0x0000030C.
    Register dump:
        EAX: 0x00000000  EBX: 0x00B2F1EC  ECX: 0x00B2F1EC  EDX: 0x00871120  
        EDI: 0x00000000  ESI: 0x00B2F1EC  EBP: 0x0028DE40  EIP: 0x004C9691  
        ESP: 0x0028DE10  EFL: 0x00210246  CS: 0x00000023   SS: 0x0000002B   
        GS: 0x0000002B   FS: 0x00000053   ES: 0x0000002B   DS: 0x0000002B   
        
    Stack dump:
        0x0028DE10:  0172EF40 0CF134D8 0CF134D8 00533751 00533D6E 0172F014
        0x0028DE28:  0CF134D8 00532AF6 0028DEAC 60D5E789 000001E3 0172EF40
        0x0028DE40:  0028DEA4 60D571C1 0028DE90 0028DE94 4C75ABB6 0028DEAC
        0x0028DE58:  0028DF1C 0172F010 0028DEB4 0028DF1C 0172E950 60D991F4
        0x0028DE70:  60D537A0 00000000 0028DEB4 0A830060 0028DE98 7003A5FD
        0x0028DE88:  0A830060 0CF134D8 0CF134D8 000001E3 0028DF08 60D8882D
        0x0028DEA0:  00000000 0028DEE8 60D614EF 60D9A1D8 0427ED00 60D992F8
        0x0028DEB8:  0427EC10 0028DFA0 0028DF9C 00008000 04890000 A1EE0000
        0x0028DED0:  0028DEAC 0CF134D8 000001E3 0427ED00 0028E038 0028E02C
        0x0028DEE8:  0028DF14 60D5C123 0028DF1C 0028E02C 0028E038 4C75AA06
        base: 0x00090000   top: 0x0028DE10   bottom: 0x00290000
        
    Backtrace (may be wrong):
        =>0x004C9691 in gta_sa.exe (+0xc9691) (0x0028DE40) 
          0x60D571C1 Ext_ToggleFrameHide+0xba81 in vehfuncs.asi (+0x271c1) (0x0028DEA4) 
          0x60D614EF Ext_ToggleFrameHide+0x15daf in vehfuncs.asi (+0x314ef) (0x0028DEE8) 
          0x60D5C123 Ext_ToggleFrameHide+0x109e3 in vehfuncs.asi (+0x2c123) (0x0028DF14) 
          0x60D5AE74 Ext_ToggleFrameHide+0xf734 in vehfuncs.asi (+0x2ae74) (0x0028E024) 
          0x60D590F2 Ext_ToggleFrameHide+0xd9b2 in vehfuncs.asi (+0x290f2) (0x0028E030) 
          0x006D6A4E in gta_sa.exe (+0x2d6a4e) (0x0028E040) 
          0x006B0B7C in gta_sa.exe (+0x2b0b7c) (0x0028E05C) 
          0x6FF42A97 Direct3DCreate9Ex+0x15dc2 in d3d9.dll (+0x22a97) (0x0028E0B8) 
          0x007FB054 in gta_sa.exe (+0x3fb054) 
        
    
