GTA SA 1.0.0.0 US
Unhandled exception at 0x007F18CF in gta_sa.exe (+0x3f18cf): 0xC0000005: Access violation reading location 0x0000005C.
    Register dump:
        EAX: 0x00020000  EBX: 0x00000003  ECX: 0x00000178  EDX: 0x4F8A2828  
        EDI: 0x314E6844  ESI: 0x00000050  EBP: 0x003E4BE0  EIP: 0x007F18CF  
        ESP: 0x0028F048  EFL: 0x00210206  CS: 0x00000023   SS: 0x0000002B   
        GS: 0x0000002B   FS: 0x00000053   ES: 0x0000002B   DS: 0x0000002B   
        
    Stack dump:
        0x0028F048:  314E6844 4F8A2818 4F8A2438 0000000F 0080981D 4F8A2868
        0x0028F060:  4F8A2828 00000050 3BB05108 4F8A2818 3BB05110 007F09A7
        0x0028F078:  0000000F 314E6884 05594DE4 4F8A2818 1053F2D0 1053F2D0
        0x0028F090:  0028F0AC 016DC0A0 005343A1 3BB05108 016DC0A0 00000000
        0x0028F0A8:  0406EF42 0028F108 040690B9 0028F0F8 5E037928 0028F110
        0x0028F0C0:  0028F178 016DC1F0 00000003 040A9B08 00809835 00000000
        0x0028F0D8:  821E46B0 3BB05090 0073322A 821E2A8C 00000060 821E2ACC
        0x0028F0F0:  0028F0CC 016DC1F4 1053F2D0 0028F164 040992DD 00000000
        0x0028F108:  0028F148 040720F9 040AA054 047BAEA8 00000000 0406EF42
        0x0028F120:  0028F17C 04069143 00000000 5E03795C 0028F184 0028F110
        base: 0x00090000   top: 0x0028F048   bottom: 0x00290000
        
    Backtrace (may be wrong):
        =>0x007F18CF in gta_sa.exe (+0x3f18cf) (0x003E4BE0) 
          0x0629F708 in unknown (+0x629f708) (0x003EDBD4) 
          0x06263950 in unknown (+0x6263950) (0x003EDBD8) 
          0x062639E0 in unknown (+0x62639e0) (0x003EDBDC) 
          0x062639E0 in unknown (+0x62639e0) (0x003EDBE0) 
          0x00750480 in gta_sa.exe (+0x350480) (0x003EDBE4) 
        
    
