GTA SA 1.0.0.0 US
Unhandled exception at 0x00532B82 in gta_sa.exe (+0x132b82): 0xC0000005: Access violation reading location 0x00000012.
    Register dump:
        EAX: 0x00000CB6  EBX: 0x00000080  ECX: 0x1D8B9768  EDX: 0x00000000  
        EDI: 0x1D8B9768  ESI: 0x1D8B0CB6  EBP: 0x00000005  EIP: 0x00532B82  
        ESP: 0x0028F744  EFL: 0x00210246  CS: 0x00000023   SS: 0x0000002B   
        GS: 0x0000002B   FS: 0x00000053   ES: 0x0000002B   DS: 0x0000002B   
        
    Stack dump:
        0x0028F744:  00000000 1D8B9768 00533718 00000047 1D8B9768 005A1DC6
        0x0028F75C:  00000CB6 1D8B9294 1D8B9768 0028FB9C 0083D2C8 00000000
        0x0028F774:  005D4AF1 00000CB6 00000000 346A5937 00000002 0028F7E9
        0x0028F78C:  0000005D 00005E1B 00000CB6 10DB59A0 00000030 4510C3BA
        0x0028F7A4:  3F3645A2 41CDEF9E 7F008100 008D0000 00000005 00000000
        0x0028F7BC:  00000000 18000085 00000000 00050000 03C80002 005D18FF
        0x0028F7D4:  00000001 00000001 76B07D59 00000000 434F4C42 70F38E4B
        0x0028F7EC:  35DA8175 35DA8175 79646F42 72614820 74736576 0028F400
        0x0028F804:  0086BAE4 0028F484 0028F614 00000003 0028F428 1F27B398
        0x0028F81C:  1F27B398 019CF910 04791374 0028F51C 012FB048 0028F51C
        base: 0x00090000   top: 0x0028F744   bottom: 0x00290000
        
    Backtrace (may be wrong):
        =>0x00532B82 in gta_sa.exe (+0x132b82) (0x0028F748) 
          0x00533718 in gta_sa.exe (+0x133718) (0x0028F754) 
          0x005A1DC6 in gta_sa.exe (+0x1a1dc6) (0x0028F770) 
          0x005D4AF1 in gta_sa.exe (+0x1d4af1) 
        
    
