GTA SA 1.0.0.0 US
Unhandled exception at 0x4248011A in gta_sa.exe: 0xC0000005: Access violation reading location 0xF5BDF285.
    Register dump:
        EAX: 0xF5BDF285  EBX: 0x12FD7286  ECX: 0x1B846D90  EDX: 0x0086E200  
        EDI: 0x00000000  ESI: 0x1B846D90  EBP: 0x12FD7294  EIP: 0x4248011A  
        ESP: 0x0028F6DC  EFL: 0x00210202  CS: 0x00000023   SS: 0x0000002B   
        GS: 0x0000002B   FS: 0x00000053   ES: 0x0000002B   DS: 0x0000002B   
        
    Stack dump:
        0x0028F6DC:  0056328C 12244D08 0061AEE8 1B846D90 12244D08 12244D08
        0x0028F6F4:  0028F7F4 0083F168 00000000 0061BD88 12245108 0061A449
        0x0028F70C:  00000001 00000000 12245108 00681949 00000000 1223F908
        0x0028F724:  12FD7270 12244D08 00681DB7 12245108 12F2F56C 12FD726C
        0x0028F73C:  00000100 47C34F01 00000002 006082B7 06100000 12F2F56C
        0x0028F754:  005E92E2 121C6740 12F2F56C 0028F800 00000800 06104000
        0x0028F76C:  12F2FD30 0028F800 00000800 005DDC2B 005DDC01 12F2F56C
        0x0028F784:  00568642 00000001 00000012 00000000 0053C09A 017AFD40
        0x0028F79C:  017AFD40 017AFE14 18AF8CC1 0028F800 73B6E086 5F2231C5
        0x0028F7B4:  188C8A88 0028F808 0028F86C 017AFE14 00000000 00000000
        base: 0x00090000   top: 0x0028F6DC   bottom: 0x00290000
        
    Backtrace (may be wrong):
        =>0x4248011A in unknown (+0x4248011a) (0x0028F6D8) 
          0x0056328C in gta_sa.exe (+0x16328c) (0x0028F6E0) 
          0x0061AEE8 in gta_sa.exe (+0x21aee8) (0x0028F6FC) 
          0x0061BD88 in gta_sa.exe (+0x21bd88) 
        
    
