GTA SA 1.0.0.0 US
Unhandled exception at 0x00536BE0 in gta_sa.exe (+0x136be0): 0xC0000005: Access violation reading location 0x00000036.
    Register dump:
        EAX: 0x00001001  EBX: 0x00000001  ECX: 0x00000000  EDX: 0xFEA88F00  
        EDI: 0xFEA88F73  ESI: 0x00000000  EBP: 0x00000000  EIP: 0x00536BE0  
        ESP: 0x0028F624  EFL: 0x00210202  CS: 0x00000023   SS: 0x0000002B   
        GS: 0x0000002B   FS: 0x00000053   ES: 0x0000002B   DS: 0x0000002B   
        
    Stack dump:
        0x0028F624:  00434308 00A8F170 00A8F410 C4F78264 00A8F410 00000001
        0x0028F63C:  00467DED 00000000 4501E171 C4E086B8 41461FF3 00000000
        0x0028F654:  00000001 00A8F170 00A8F410 6197AA70 00A8F170 00A8F410
        0x0028F66C:  619C0E18 00000001 004667AC 00000001 00A8F170 00A8F410
        0x0028F684:  2D7A2FD5 602B21CC 0046CF29 0028F66C 6ABA8B58 0028F73C
        0x0028F69C:  00837D7C FFFFFFFF 00469FF7 000000AB 00A8F410 00000000
        0x0028F6B4:  0046A220 602B21CC 04C22C74 0028F6EC 04C22C74 0000002F
        0x0028F6CC:  FFE1E1E1 80808080 FF000000 6029B18F 00000100 0D8661E0
        0x0028F6E4:  2C000004 00000F81 0D982070 00440A12 00000011 00000000
        0x0028F6FC:  0D8661E0 00000000 0D982070 4501A000 C4E03E14 415A9375
        base: 0x00090000   top: 0x0028F624   bottom: 0x00290000
        
    Backtrace (may be wrong):
        =>0x00536BE0 in gta_sa.exe (+0x136be0) 
        
    
